app/build/outputs/logs/manifest-merger-debug-report.txt
-- Merging decision tree log ---
manifest
ADDED from src/main/AndroidManifest.xml:2:1-129:12
	package
		ADDED from src/main/AndroidManifest.xml:2:11-46
		INJECTED from src/main/AndroidManifest.xml
		INJECTED from src/main/AndroidManifest.xml
	android:versionName
		INJECTED from src/main/AndroidManifest.xml
		INJECTED from src/main/AndroidManifest.xml
	xmlns:android
		ADDED from src/main/AndroidManifest.xml:3:11-69
	android:versionCode
		INJECTED from src/main/AndroidManifest.xml
		INJECTED from src/main/AndroidManifest.xml
uses-permission#android.permission.CALL_PHONE
ADDED from src/main/AndroidManifest.xml:5:5-68
	android:name
		ADDED from src/main/AndroidManifest.xml:5:22-66
uses-permission#android.permission.INTERNET
ADDED from src/main/AndroidManifest.xml:6:5-66
MERGED from [com.google.android.gms:play-services-maps:10.2.6] AndroidManifest.xml:20:5-66
MERGED from [com.thinkincode.utils:Android:0.0.3] AndroidManifest.xml:12:5-67
	android:name
		ADDED from src/main/AndroidManifest.xml:6:22-64
uses-permission#android.permission.ACCESS_NETWORK_STATE
ADDED from src/main/AndroidManifest.xml:7:5-78
MERGED from [com.google.android.gms:play-services-maps:10.2.6] AndroidManifest.xml:19:5-78
MERGED from [com.thinkincode.utils:Android:0.0.3] AndroidManifest.xml:14:5-79
	android:name
		ADDED from src/main/AndroidManifest.xml:7:22-76
uses-permission#android.permission.WRITE_EXTERNAL_STORAGE
ADDED from src/main/AndroidManifest.xml:8:5-80
	android:name
		ADDED from src/main/AndroidManifest.xml:8:22-78
uses-permission#android.permission.VIBRATE
ADDED from src/main/AndroidManifest.xml:9:5-65
	android:name
		ADDED from src/main/AndroidManifest.xml:9:22-63
uses-permission#android.permission.ACCESS_FINE_LOCATION
ADDED from src/main/AndroidManifest.xml:10:5-78
	android:name
		ADDED from src/main/AndroidManifest.xml:10:22-76
application
ADDED from src/main/AndroidManifest.xml:12:5-127:19
MERGED from [com.android.support:design:25.3.1] AndroidManifest.xml:29:5-20
MERGED from [com.android.support:transition:25.3.1] AndroidManifest.xml:26:5-20
MERGED from [com.android.support:cardview-v7:25.3.1] AndroidManifest.xml:26:5-20
MERGED from [com.google.android.gms:play-services-places:10.2.6] AndroidManifest.xml:18:5-19
MERGED from [com.google.android.gms:play-services-maps:10.2.6] AndroidManifest.xml:24:5-19
MERGED from [com.google.android.gms:play-services-base:10.2.6] AndroidManifest.xml:18:5-20:19
MERGED from [com.google.android.gms:play-services-tasks:10.2.6] AndroidManifest.xml:4:5-19
MERGED from [com.google.android.gms:play-services-basement:10.2.6] AndroidManifest.xml:19:5-21:19
MERGED from [com.facebook.android:facebook-android-sdk:4.7.0] AndroidManifest.xml:28:5-20
MERGED from [com.android.support:appcompat-v7:25.3.1] AndroidManifest.xml:29:5-20
MERGED from [com.android.support:animated-vector-drawable:25.3.1] AndroidManifest.xml:26:5-20
MERGED from [com.android.support:support-vector-drawable:25.3.1] AndroidManifest.xml:26:5-20
MERGED from [com.android.support:support-v4:25.3.1] AndroidManifest.xml:29:5-20
MERGED from [com.android.support:support-fragment:25.3.1] AndroidManifest.xml:29:5-20
MERGED from [com.android.support:support-media-compat:25.3.1] AndroidManifest.xml:29:5-20
MERGED from [com.android.support:support-core-ui:25.3.1] AndroidManifest.xml:29:5-20
MERGED from [com.android.support:support-core-utils:25.3.1] AndroidManifest.xml:29:5-20
MERGED from [com.android.support:support-compat:25.3.1] AndroidManifest.xml:29:5-20
MERGED from [com.android.support.constraint:constraint-layout:1.0.2] AndroidManifest.xml:9:5-20
	android:screenOrientation
		ADDED from src/main/AndroidManifest.xml:18:9-45
	android:label
		ADDED from src/main/AndroidManifest.xml:15:9-41
	android:supportsRtl
		ADDED from src/main/AndroidManifest.xml:16:9-35
	android:allowBackup
		ADDED from src/main/AndroidManifest.xml:13:9-35
	android:icon
		ADDED from src/main/AndroidManifest.xml:14:9-44
	android:theme
		ADDED from src/main/AndroidManifest.xml:17:9-52
meta-data#com.google.android.geo.API_KEY
ADDED from src/main/AndroidManifest.xml:19:9-21:53
	android:value
		ADDED from src/main/AndroidManifest.xml:21:13-51
	android:name
		ADDED from src/main/AndroidManifest.xml:20:13-58
meta-data#com.google.android.gms.version
ADDED from src/main/AndroidManifest.xml:22:9-24:68
MERGED from [com.google.android.gms:play-services-basement:10.2.6] AndroidManifest.xml:20:9-121
	android:value
		ADDED from src/main/AndroidManifest.xml:24:13-66
	android:name
		ADDED from src/main/AndroidManifest.xml:23:13-58
provider#com.doxa360.android.dutch.model.RecentSuggestionProvider
ADDED from src/main/AndroidManifest.xml:26:9-28:93
	android:authorities
		ADDED from src/main/AndroidManifest.xml:28:13-91
	android:name
		ADDED from src/main/AndroidManifest.xml:27:13-59
activity#com.doxa360.android.dutch.MainActivity
ADDED from src/main/AndroidManifest.xml:30:9-40:20
	android:screenOrientation
		ADDED from src/main/AndroidManifest.xml:34:13-49
	android:label
		ADDED from src/main/AndroidManifest.xml:32:13-45
	android:theme
		ADDED from src/main/AndroidManifest.xml:33:13-56
	android:name
		ADDED from src/main/AndroidManifest.xml:31:13-41
intent-filter#android.intent.action.MAIN+android.intent.category.LAUNCHER
ADDED from src/main/AndroidManifest.xml:35:13-39:29
action#android.intent.action.MAIN
ADDED from src/main/AndroidManifest.xml:36:17-68
	android:name
		ADDED from src/main/AndroidManifest.xml:36:25-66
category#android.intent.category.LAUNCHER
ADDED from src/main/AndroidManifest.xml:38:17-76
	android:name
		ADDED from src/main/AndroidManifest.xml:38:27-74
activity#com.doxa360.android.dutch.SignUpActivity
ADDED from src/main/AndroidManifest.xml:41:9-49:20
	android:label
		ADDED from src/main/AndroidManifest.xml:43:13-59
	android:parentActivityName
		ADDED from src/main/AndroidManifest.xml:44:13-55
	android:theme
		ADDED from src/main/AndroidManifest.xml:45:13-56
	android:name
		ADDED from src/main/AndroidManifest.xml:42:13-43
meta-data#android.support.PARENT_ACTIVITY
ADDED from src/main/AndroidManifest.xml:46:13-48:73
	android:value
		ADDED from src/main/AndroidManifest.xml:48:17-71
	android:name
		ADDED from src/main/AndroidManifest.xml:47:17-63
activity#com.doxa360.android.dutch.LoginActivity
ADDED from src/main/AndroidManifest.xml:50:9-58:20
	android:label
		ADDED from src/main/AndroidManifest.xml:52:13-57
	android:parentActivityName
		ADDED from src/main/AndroidManifest.xml:53:13-55
	android:theme
		ADDED from src/main/AndroidManifest.xml:54:13-56
	android:name
		ADDED from src/main/AndroidManifest.xml:51:13-42
activity#com.doxa360.android.dutch.HomeActivity
ADDED from src/main/AndroidManifest.xml:59:9-68:20
	android:label
		ADDED from src/main/AndroidManifest.xml:61:13-56
	android:theme
		ADDED from src/main/AndroidManifest.xml:62:13-56
	android:name
		ADDED from src/main/AndroidManifest.xml:60:13-41
meta-data#android.app.default_searchable
ADDED from src/main/AndroidManifest.xml:65:13-67:54
	android:value
		ADDED from src/main/AndroidManifest.xml:67:17-52
	android:name
		ADDED from src/main/AndroidManifest.xml:66:17-62
activity#com.doxa360.android.dutch.AdDetail
ADDED from src/main/AndroidManifest.xml:69:9-77:20
	android:label
		ADDED from src/main/AndroidManifest.xml:71:13-30
	android:parentActivityName
		ADDED from src/main/AndroidManifest.xml:72:13-55
	android:theme
		ADDED from src/main/AndroidManifest.xml:73:13-56
	android:name
		ADDED from src/main/AndroidManifest.xml:70:13-37
activity#com.doxa360.android.dutch.PostAdActivity
ADDED from src/main/AndroidManifest.xml:78:9-86:20
	android:label
		ADDED from src/main/AndroidManifest.xml:80:13-59
	android:parentActivityName
		ADDED from src/main/AndroidManifest.xml:81:13-55
	android:theme
		ADDED from src/main/AndroidManifest.xml:82:13-56
	android:name
		ADDED from src/main/AndroidManifest.xml:79:13-43
activity#com.doxa360.android.dutch.CategoryDetailActivity
ADDED from src/main/AndroidManifest.xml:87:9-95:20
	android:label
		ADDED from src/main/AndroidManifest.xml:89:13-67
	android:parentActivityName
		ADDED from src/main/AndroidManifest.xml:90:13-55
	android:theme
		ADDED from src/main/AndroidManifest.xml:91:13-56
	android:name
		ADDED from src/main/AndroidManifest.xml:88:13-51
activity#com.doxa360.android.dutch.SearchableActivity
ADDED from src/main/AndroidManifest.xml:96:9-111:20
	android:label
		ADDED from src/main/AndroidManifest.xml:98:13-62
	android:parentActivityName
		ADDED from src/main/AndroidManifest.xml:99:13-55
	android:theme
		ADDED from src/main/AndroidManifest.xml:100:13-56
	android:name
		ADDED from src/main/AndroidManifest.xml:97:13-47
intent-filter#android.intent.action.SEARCH
ADDED from src/main/AndroidManifest.xml:101:13-103:29
action#android.intent.action.SEARCH
ADDED from src/main/AndroidManifest.xml:102:17-70
	android:name
		ADDED from src/main/AndroidManifest.xml:102:25-68
meta-data#android.app.searchable
ADDED from src/main/AndroidManifest.xml:105:13-107:53
	android:resource
		ADDED from src/main/AndroidManifest.xml:107:17-51
	android:name
		ADDED from src/main/AndroidManifest.xml:106:17-54
activity#com.doxa360.android.dutch.ImageFullscreenActivity
ADDED from src/main/AndroidManifest.xml:112:9-121:20
	android:label
		ADDED from src/main/AndroidManifest.xml:115:13-39
	android:parentActivityName
		ADDED from src/main/AndroidManifest.xml:116:13-51
	android:configChanges
		ADDED from src/main/AndroidManifest.xml:114:13-74
	android:theme
		ADDED from src/main/AndroidManifest.xml:117:13-51
	android:name
		ADDED from src/main/AndroidManifest.xml:113:13-52
activity#com.doxa360.android.dutch.AddReminder
ADDED from src/main/AndroidManifest.xml:122:9-126:20
	android:label
		ADDED from src/main/AndroidManifest.xml:124:13-64
	android:theme
		ADDED from src/main/AndroidManifest.xml:125:13-56
	android:name
		ADDED from src/main/AndroidManifest.xml:123:13-40
uses-sdk
INJECTED from src/main/AndroidManifest.xml reason: use-sdk injection requested
MERGED from [com.android.support:design:25.3.1] AndroidManifest.xml:21:5-23:62
MERGED from [com.android.support:transition:25.3.1] AndroidManifest.xml:20:5-44
MERGED from [com.android.support:cardview-v7:25.3.1] AndroidManifest.xml:20:5-43
MERGED from [com.android.support:recyclerview-v7:25.3.1] AndroidManifest.xml:20:5-43
MERGED from [com.google.android.gms:play-services-places:10.2.6] AndroidManifest.xml:17:5-43
MERGED from [com.google.android.gms:play-services-maps:10.2.6] AndroidManifest.xml:23:5-43
MERGED from [com.google.android.gms:play-services-base:10.2.6] AndroidManifest.xml:17:5-43
MERGED from [com.google.android.gms:play-services-tasks:10.2.6] AndroidManifest.xml:3:5-43
MERGED from [com.google.android.gms:play-services-basement:10.2.6] AndroidManifest.xml:17:5-43
MERGED from [com.facebook.android:facebook-android-sdk:4.7.0] AndroidManifest.xml:24:5-26:41
MERGED from [com.github.paolorotolo:appintro:3.4.0] AndroidManifest.xml:7:5-9:41
MERGED from [com.android.support:appcompat-v7:25.3.1] AndroidManifest.xml:21:5-23:78
MERGED from [com.android.support:animated-vector-drawable:25.3.1] AndroidManifest.xml:20:5-44
MERGED from [com.android.support:support-vector-drawable:25.3.1] AndroidManifest.xml:20:5-43
MERGED from [com.android.support:support-v4:25.3.1] AndroidManifest.xml:21:5-23:54
MERGED from [com.android.support:support-fragment:25.3.1] AndroidManifest.xml:21:5-23:60
MERGED from [com.android.support:support-media-compat:25.3.1] AndroidManifest.xml:21:5-23:63
MERGED from [com.android.support:support-core-ui:25.3.1] AndroidManifest.xml:21:5-23:58
MERGED from [com.android.support:support-core-utils:25.3.1] AndroidManifest.xml:21:5-23:61
MERGED from [com.android.support:support-compat:25.3.1] AndroidManifest.xml:21:5-23:58
MERGED from [com.thinkincode.utils:Android:0.0.3] AndroidManifest.xml:7:5-9:41
MERGED from [com.android.support.constraint:constraint-layout:1.0.2] AndroidManifest.xml:5:5-7:41
	tools:overrideLibrary
		ADDED from [com.android.support:design:25.3.1] AndroidManifest.xml:23:9-59
	android:targetSdkVersion
		INJECTED from src/main/AndroidManifest.xml
		INJECTED from src/main/AndroidManifest.xml
	android:minSdkVersion
		INJECTED from src/main/AndroidManifest.xml
		INJECTED from src/main/AndroidManifest.xml
meta-data#android.support.VERSION
ADDED from [com.android.support:design:25.3.1] AndroidManifest.xml:25:5-27:34
MERGED from [com.android.support:transition:25.3.1] AndroidManifest.xml:22:5-24:34
MERGED from [com.android.support:cardview-v7:25.3.1] AndroidManifest.xml:22:5-24:34
MERGED from [com.android.support:recyclerview-v7:25.3.1] AndroidManifest.xml:22:5-24:34
MERGED from [com.android.support:appcompat-v7:25.3.1] AndroidManifest.xml:25:5-27:34
MERGED from [com.android.support:animated-vector-drawable:25.3.1] AndroidManifest.xml:22:5-24:34
MERGED from [com.android.support:support-vector-drawable:25.3.1] AndroidManifest.xml:22:5-24:34
MERGED from [com.android.support:support-v4:25.3.1] AndroidManifest.xml:25:5-27:34
MERGED from [com.android.support:support-fragment:25.3.1] AndroidManifest.xml:25:5-27:34
MERGED from [com.android.support:support-media-compat:25.3.1] AndroidManifest.xml:25:5-27:34
MERGED from [com.android.support:support-core-ui:25.3.1] AndroidManifest.xml:25:5-27:34
MERGED from [com.android.support:support-core-utils:25.3.1] AndroidManifest.xml:25:5-27:34
MERGED from [com.android.support:support-compat:25.3.1] AndroidManifest.xml:25:5-27:34
	android:value
		ADDED from [com.android.support:design:25.3.1] AndroidManifest.xml:27:9-31
	android:name
		ADDED from [com.android.support:design:25.3.1] AndroidManifest.xml:26:9-47
uses-feature#0x00020000
ADDED from [com.google.android.gms:play-services-maps:10.2.6] AndroidManifest.xml:21:5-77
	android:glEsVersion
		ADDED from [com.google.android.gms:play-services-maps:10.2.6] AndroidManifest.xml:21:19-51
	android:required
		ADDED from [com.google.android.gms:play-services-maps:10.2.6] AndroidManifest.xml:21:52-75
activity#com.google.android.gms.common.api.GoogleApiActivity
ADDED from [com.google.android.gms:play-services-base:10.2.6] AndroidManifest.xml:19:9-172
	android:exported
		ADDED from [com.google.android.gms:play-services-base:10.2.6] AndroidManifest.xml:19:146-170
	android:theme
		ADDED from [com.google.android.gms:play-services-base:10.2.6] AndroidManifest.xml:19:86-145
	android:name
		ADDED from [com.google.android.gms:play-services-base:10.2.6] AndroidManifest.xml:19:19-85